# Logfile created on 2014-02-06 18:40:27 +0100 by logger.rb/44203
I, [2014-02-06T18:40:27.119167 #96587]  INFO -- : 0:  bundler (1.5.1) from /Users/josepjaume/.rvm/gems/ruby-2.1.0@global/specifications/bundler-1.5.1.gemspec
I, [2014-02-06T18:40:27.119662 #96594]  INFO -- : 7:  json (1.8.1) from /Users/josepjaume/.rvm/rubies/ruby-2.1.0/lib/ruby/gems/2.1.0/specifications/default/json-1.8.1.gemspec
I, [2014-02-06T18:40:27.120745 #96593]  INFO -- : 6:  rack (1.5.2) from /Users/josepjaume/.rvm/gems/ruby-2.1.0/specifications/rack-1.5.2.gemspec
I, [2014-02-06T18:40:27.129449 #96592]  INFO -- : 5:  rack-test (0.6.2) from /Users/josepjaume/.rvm/gems/ruby-2.1.0/specifications/rack-test-0.6.2.gemspec
I, [2014-02-06T18:40:28.845882 #96591]  INFO -- : 4:  mini_portile (0.5.2) from /Users/josepjaume/.rvm/gems/ruby-2.1.0/specifications/mini_portile-0.5.2.gemspec
I, [2014-02-06T18:40:29.285552 #96589]  INFO -- : 2:  mime-types (2.1) from /Users/josepjaume/.rvm/gems/ruby-2.1.0/specifications/mime-types-2.1.gemspec
I, [2014-02-06T18:41:41.182759 #96588]  INFO -- : 1:  nokogiri (1.6.1) from /Users/josepjaume/.rvm/gems/ruby-2.1.0/specifications/nokogiri-1.6.1.gemspec
I, [2014-02-06T18:41:42.843486 #96590]  INFO -- : 3:  xpath (2.0.0) from /Users/josepjaume/.rvm/gems/ruby-2.1.0/specifications/xpath-2.0.0.gemspec
I, [2014-02-06T18:41:44.918319 #96587]  INFO -- : 0:  capybara (2.2.1) from /Users/josepjaume/.rvm/gems/ruby-2.1.0/specifications/capybara-2.2.1.gemspec
I, [2014-02-06T18:42:09.798172 #96594]  INFO -- : 7:  capybara-webkit (1.1.0) from /Users/josepjaume/.rvm/gems/ruby-2.1.0/specifications/capybara-webkit-1.1.0.gemspec
I, [2014-02-06T18:47:38.110125 #14447]  INFO -- : 7:  method_source (0.8.2) from /Users/josepjaume/.rvm/gems/ruby-2.1.0/specifications/method_source-0.8.2.gemspec
I, [2014-02-06T18:47:38.110799 #14440]  INFO -- : 0:  bundler (1.5.1) from /Users/josepjaume/.rvm/gems/ruby-2.1.0@global/specifications/bundler-1.5.1.gemspec
I, [2014-02-06T18:47:38.111108 #14443]  INFO -- : 3:  coderay (1.1.0) from /Users/josepjaume/.rvm/gems/ruby-2.1.0/specifications/coderay-1.1.0.gemspec
I, [2014-02-06T18:47:38.111084 #14445]  INFO -- : 5:  slop (3.4.6) from /Users/josepjaume/.rvm/gems/ruby-2.1.0/specifications/slop-3.4.6.gemspec
I, [2014-02-06T18:47:38.111369 #14441]  INFO -- : 1:  json (1.8.1) from /Users/josepjaume/.rvm/rubies/ruby-2.1.0/lib/ruby/gems/2.1.0/specifications/default/json-1.8.1.gemspec
I, [2014-02-06T18:47:38.111583 #14442]  INFO -- : 2:  mime-types (2.1) from /Users/josepjaume/.rvm/gems/ruby-2.1.0/specifications/mime-types-2.1.gemspec
I, [2014-02-06T18:47:38.112155 #14447]  INFO -- : 7:  pry (0.9.12.3) from /Users/josepjaume/.rvm/gems/ruby-2.1.0/specifications/pry-0.9.12.3.gemspec
I, [2014-02-06T18:47:38.112191 #14444]  INFO -- : 4:  mini_portile (0.5.2) from /Users/josepjaume/.rvm/gems/ruby-2.1.0/specifications/mini_portile-0.5.2.gemspec
I, [2014-02-06T18:47:38.113205 #14440]  INFO -- : 0:  nokogiri (1.6.1) from /Users/josepjaume/.rvm/gems/ruby-2.1.0/specifications/nokogiri-1.6.1.gemspec
I, [2014-02-06T18:47:38.113717 #14443]  INFO -- : 3:  xpath (2.0.0) from /Users/josepjaume/.rvm/gems/ruby-2.1.0/specifications/xpath-2.0.0.gemspec
I, [2014-02-06T18:47:38.116141 #14446]  INFO -- : 6:  rack (1.5.2) from /Users/josepjaume/.rvm/gems/ruby-2.1.0/specifications/rack-1.5.2.gemspec
I, [2014-02-06T18:47:38.116853 #14445]  INFO -- : 5:  rack-test (0.6.2) from /Users/josepjaume/.rvm/gems/ruby-2.1.0/specifications/rack-test-0.6.2.gemspec
I, [2014-02-06T18:47:38.117369 #14441]  INFO -- : 1:  capybara (2.2.1) from /Users/josepjaume/.rvm/gems/ruby-2.1.0/specifications/capybara-2.2.1.gemspec
I, [2014-02-06T18:47:38.117855 #14442]  INFO -- : 2:  capybara-webkit (1.1.0) from /Users/josepjaume/.rvm/gems/ruby-2.1.0/specifications/capybara-webkit-1.1.0.gemspec
I, [2014-02-06T18:51:20.636473 #14510]  INFO -- : 2:  mime-types (2.1) from /Users/josepjaume/.rvm/gems/ruby-2.1.0/specifications/mime-types-2.1.gemspec
I, [2014-02-06T18:51:20.636489 #14513]  INFO -- : 5:  rack (1.5.2) from /Users/josepjaume/.rvm/gems/ruby-2.1.0/specifications/rack-1.5.2.gemspec
I, [2014-02-06T18:51:20.636697 #14508]  INFO -- : 0:  coderay (1.1.0) from /Users/josepjaume/.rvm/gems/ruby-2.1.0/specifications/coderay-1.1.0.gemspec
I, [2014-02-06T18:51:20.636419 #14511]  INFO -- : 3:  mini_portile (0.5.2) from /Users/josepjaume/.rvm/gems/ruby-2.1.0/specifications/mini_portile-0.5.2.gemspec
I, [2014-02-06T18:51:20.637636 #14508]  INFO -- : 0:  bundler (1.5.1) from /Users/josepjaume/.rvm/gems/ruby-2.1.0@global/specifications/bundler-1.5.1.gemspec
I, [2014-02-06T18:51:20.638180 #14511]  INFO -- : 3:  rack-test (0.6.2) from /Users/josepjaume/.rvm/gems/ruby-2.1.0/specifications/rack-test-0.6.2.gemspec
I, [2014-02-06T18:51:20.638923 #14508]  INFO -- : 0:  nokogiri (1.6.1) from /Users/josepjaume/.rvm/gems/ruby-2.1.0/specifications/nokogiri-1.6.1.gemspec
I, [2014-02-06T18:51:20.639749 #14511]  INFO -- : 3:  xpath (2.0.0) from /Users/josepjaume/.rvm/gems/ruby-2.1.0/specifications/xpath-2.0.0.gemspec
I, [2014-02-06T18:51:20.640623 #14508]  INFO -- : 0:  capybara (2.2.1) from /Users/josepjaume/.rvm/gems/ruby-2.1.0/specifications/capybara-2.2.1.gemspec
I, [2014-02-06T18:51:20.640842 #14512]  INFO -- : 4:  method_source (0.8.2) from /Users/josepjaume/.rvm/gems/ruby-2.1.0/specifications/method_source-0.8.2.gemspec
I, [2014-02-06T18:51:20.643397 #14514]  INFO -- : 6:  slop (3.4.6) from /Users/josepjaume/.rvm/gems/ruby-2.1.0/specifications/slop-3.4.6.gemspec
I, [2014-02-06T18:51:20.644289 #14511]  INFO -- : 3:  pry (0.9.12.3) from /Users/josepjaume/.rvm/gems/ruby-2.1.0/specifications/pry-0.9.12.3.gemspec
I, [2014-02-06T18:51:20.645854 #14509]  INFO -- : 1:  multi_json (1.8.4) from /Users/josepjaume/.rvm/gems/ruby-2.1.0/specifications/multi_json-1.8.4.gemspec
I, [2014-02-06T18:51:23.086311 #14513]  INFO -- : 5:  websocket (1.0.7) from /Users/josepjaume/.rvm/gems/ruby-2.1.0/specifications/websocket-1.0.7.gemspec
I, [2014-02-06T18:51:23.210404 #14510]  INFO -- : 2:  rubyzip (1.1.0) from /Users/josepjaume/.rvm/gems/ruby-2.1.0/specifications/rubyzip-1.1.0.gemspec
I, [2014-02-06T18:51:27.072906 #14515]  INFO -- : 7:  ffi (1.9.3) from /Users/josepjaume/.rvm/gems/ruby-2.1.0/specifications/ffi-1.9.3.gemspec
I, [2014-02-06T18:51:28.610018 #14508]  INFO -- : 0:  childprocess (0.4.0) from /Users/josepjaume/.rvm/gems/ruby-2.1.0/specifications/childprocess-0.4.0.gemspec
I, [2014-02-06T18:51:35.325603 #14512]  INFO -- : 4:  selenium-webdriver (2.39.0) from /Users/josepjaume/.rvm/gems/ruby-2.1.0/specifications/selenium-webdriver-2.39.0.gemspec
I, [2014-02-06T19:09:34.176231 #15602]  INFO -- : 5:  slop (3.4.6) from /Users/josepjaume/.rvm/gems/ruby-2.1.0/specifications/slop-3.4.6.gemspec
I, [2014-02-06T19:09:34.177684 #15597]  INFO -- : 0:  bundler (1.5.1) from /Users/josepjaume/.rvm/gems/ruby-2.1.0@global/specifications/bundler-1.5.1.gemspec
I, [2014-02-06T19:09:34.177720 #15603]  INFO -- : 6:  rack (1.5.2) from /Users/josepjaume/.rvm/gems/ruby-2.1.0/specifications/rack-1.5.2.gemspec
I, [2014-02-06T19:09:34.177721 #15600]  INFO -- : 3:  coderay (1.1.0) from /Users/josepjaume/.rvm/gems/ruby-2.1.0/specifications/coderay-1.1.0.gemspec
I, [2014-02-06T19:09:34.177857 #15598]  INFO -- : 1:  json (1.8.1) from /Users/josepjaume/.rvm/rubies/ruby-2.1.0/lib/ruby/gems/2.1.0/specifications/default/json-1.8.1.gemspec
I, [2014-02-06T19:09:34.178358 #15601]  INFO -- : 4:  mini_portile (0.5.2) from /Users/josepjaume/.rvm/gems/ruby-2.1.0/specifications/mini_portile-0.5.2.gemspec
I, [2014-02-06T19:09:34.178552 #15599]  INFO -- : 2:  mime-types (2.1) from /Users/josepjaume/.rvm/gems/ruby-2.1.0/specifications/mime-types-2.1.gemspec
I, [2014-02-06T19:09:34.178745 #15598]  INFO -- : 1:  rack-test (0.6.2) from /Users/josepjaume/.rvm/gems/ruby-2.1.0/specifications/rack-test-0.6.2.gemspec
I, [2014-02-06T19:09:34.179270 #15599]  INFO -- : 2:  nokogiri (1.6.1) from /Users/josepjaume/.rvm/gems/ruby-2.1.0/specifications/nokogiri-1.6.1.gemspec
I, [2014-02-06T19:09:34.179749 #15603]  INFO -- : 6:  xpath (2.0.0) from /Users/josepjaume/.rvm/gems/ruby-2.1.0/specifications/xpath-2.0.0.gemspec
I, [2014-02-06T19:09:34.180252 #15600]  INFO -- : 3:  capybara (2.2.1) from /Users/josepjaume/.rvm/gems/ruby-2.1.0/specifications/capybara-2.2.1.gemspec
I, [2014-02-06T19:09:34.180875 #15602]  INFO -- : 5:  capybara-webkit (1.1.0) from /Users/josepjaume/.rvm/gems/ruby-2.1.0/specifications/capybara-webkit-1.1.0.gemspec
I, [2014-02-06T19:09:34.182068 #15604]  INFO -- : 7:  method_source (0.8.2) from /Users/josepjaume/.rvm/gems/ruby-2.1.0/specifications/method_source-0.8.2.gemspec
I, [2014-02-06T19:09:34.182773 #15598]  INFO -- : 1:  pry (0.9.12.3) from /Users/josepjaume/.rvm/gems/ruby-2.1.0/specifications/pry-0.9.12.3.gemspec
I, [2014-02-06T19:13:04.444344 #15683]  INFO -- : 2:  bundler (1.5.1) from /Users/josepjaume/.rvm/gems/ruby-2.1.0@global/specifications/bundler-1.5.1.gemspec
I, [2014-02-06T19:13:04.445965 #15684]  INFO -- : 3:  method_source (0.8.2) from /Users/josepjaume/.rvm/gems/ruby-2.1.0/specifications/method_source-0.8.2.gemspec
I, [2014-02-06T19:13:04.445965 #15688]  INFO -- : 7:  slop (3.4.6) from /Users/josepjaume/.rvm/gems/ruby-2.1.0/specifications/slop-3.4.6.gemspec
I, [2014-02-06T19:13:04.446502 #15686]  INFO -- : 5:  mini_portile (0.5.2) from /Users/josepjaume/.rvm/gems/ruby-2.1.0/specifications/mini_portile-0.5.2.gemspec
I, [2014-02-06T19:13:04.446502 #15681]  INFO -- : 0:  coderay (1.1.0) from /Users/josepjaume/.rvm/gems/ruby-2.1.0/specifications/coderay-1.1.0.gemspec
I, [2014-02-06T19:13:04.454523 #15685]  INFO -- : 4:  nokogiri (1.6.1) from /Users/josepjaume/.rvm/gems/ruby-2.1.0/specifications/nokogiri-1.6.1.gemspec
I, [2014-02-06T19:13:04.454747 #15687]  INFO -- : 6:  pry (0.9.12.3) from /Users/josepjaume/.rvm/gems/ruby-2.1.0/specifications/pry-0.9.12.3.gemspec
I, [2014-02-06T19:18:07.554968 #16014]  INFO -- : 2:  coderay (1.1.0) from /Users/josepjaume/.rvm/gems/ruby-2.1.0/specifications/coderay-1.1.0.gemspec
I, [2014-02-06T19:18:07.555248 #16019]  INFO -- : 7:  slop (3.4.6) from /Users/josepjaume/.rvm/gems/ruby-2.1.0/specifications/slop-3.4.6.gemspec
I, [2014-02-06T19:18:07.555328 #16015]  INFO -- : 3:  method_source (0.8.2) from /Users/josepjaume/.rvm/gems/ruby-2.1.0/specifications/method_source-0.8.2.gemspec
I, [2014-02-06T19:18:07.556751 #16013]  INFO -- : 1:  bundler (1.5.1) from /Users/josepjaume/.rvm/gems/ruby-2.1.0@global/specifications/bundler-1.5.1.gemspec
I, [2014-02-06T19:18:07.557547 #16017]  INFO -- : 5:  mini_portile (0.5.2) from /Users/josepjaume/.rvm/gems/ruby-2.1.0/specifications/mini_portile-0.5.2.gemspec
I, [2014-02-06T19:18:07.566013 #16016]  INFO -- : 4:  pry (0.9.12.3) from /Users/josepjaume/.rvm/gems/ruby-2.1.0/specifications/pry-0.9.12.3.gemspec
I, [2014-02-06T19:18:07.568243 #16018]  INFO -- : 6:  nokogiri (1.6.1) from /Users/josepjaume/.rvm/gems/ruby-2.1.0/specifications/nokogiri-1.6.1.gemspec
I, [2014-02-06T19:23:38.485687 #16449]  INFO -- : 1:  bundler (1.5.1) from /Users/josepjaume/.rvm/gems/ruby-2.1.0@global/specifications/bundler-1.5.1.gemspec
I, [2014-02-06T19:23:38.487072 #16454]  INFO -- : 6:  rack (1.5.2) from /Users/josepjaume/.rvm/gems/ruby-2.1.0/specifications/rack-1.5.2.gemspec
I, [2014-02-06T19:23:38.487072 #16450]  INFO -- : 2:  json (1.8.1) from /Users/josepjaume/.rvm/rubies/ruby-2.1.0/lib/ruby/gems/2.1.0/specifications/default/json-1.8.1.gemspec
I, [2014-02-06T19:23:38.487264 #16453]  INFO -- : 5:  mini_portile (0.5.2) from /Users/josepjaume/.rvm/gems/ruby-2.1.0/specifications/mini_portile-0.5.2.gemspec
I, [2014-02-06T19:23:38.489644 #16451]  INFO -- : 3:  mime-types (2.1) from /Users/josepjaume/.rvm/gems/ruby-2.1.0/specifications/mime-types-2.1.gemspec
I, [2014-02-06T19:23:38.493436 #16455]  INFO -- : 7:  rack-test (0.6.2) from /Users/josepjaume/.rvm/gems/ruby-2.1.0/specifications/rack-test-0.6.2.gemspec
I, [2014-02-06T19:23:38.494344 #16452]  INFO -- : 4:  nokogiri (1.6.1) from /Users/josepjaume/.rvm/gems/ruby-2.1.0/specifications/nokogiri-1.6.1.gemspec
I, [2014-02-06T19:23:38.500591 #16448]  INFO -- : 0:  xpath (2.0.0) from /Users/josepjaume/.rvm/gems/ruby-2.1.0/specifications/xpath-2.0.0.gemspec
I, [2014-02-06T19:23:38.501386 #16449]  INFO -- : 1:  capybara (2.2.1) from /Users/josepjaume/.rvm/gems/ruby-2.1.0/specifications/capybara-2.2.1.gemspec
I, [2014-02-06T19:23:38.502152 #16450]  INFO -- : 2:  capybara-webkit (1.1.0) from /Users/josepjaume/.rvm/gems/ruby-2.1.0/specifications/capybara-webkit-1.1.0.gemspec
